
Inactive Modules:
  1) openmpi/2.1.1

The following have been reloaded with a version change:
  1) gcccore/.5.4.0 => gcccore/.8.3.0
  2) icc/.2016.4.258 => icc/.2019.3.199
  3) ifort/.2016.4.258 => ifort/.2019.3.199
  4) imkl/11.3.4.258 => imkl/2019.3.199
  5) intel/2016.4 => intel/2019.3


Activating Modules:
  1) openmpi/4.0.1

srun: Job 59627887 step creation temporarily disabled, retrying (Requested nodes are busy)
srun: Step created for job 59627887
srun: Job 59627887 step creation temporarily disabled, retrying (Requested nodes are busy)
srun: Step created for job 59627887
srun: Job 59627887 step creation temporarily disabled, retrying (Requested nodes are busy)
srun: Step created for job 59627887
srun: Job 59627887 step creation temporarily disabled, retrying (Requested nodes are busy)
srun: Step created for job 59627887
srun: Job 59627887 step creation temporarily disabled, retrying (Requested nodes are busy)
srun: Step created for job 59627887
srun: Job 59627887 step creation temporarily disabled, retrying (Requested nodes are busy)
srun: Step created for job 59627887
